Build started 10/4/2015 12:31:58 AM.
     1>Project "C:\iWork\myGitProjects\CameraSensor\TCPClient\build\TCPClient.vcxproj" on node 2 (Build target(s)).
     1>ClCompile:
         C:\Program Files (x86)\Microsoft Visual Studio 12.0\VC\bin\CL.exe /c /IC:\iWork\myGitProjects\CameraSensor\TCPClient\build\../inc /ZI /nologo /W3 /WX- /Od /Oy- /D WIN32 /D _DEBUG /D _CONSOLE /D _LIB /D _UNICODE /D UNICODE /Gm /EHsc /RTC1 /MDd /GS /fp:precise /Zc:wchar_t /Zc:forScope /Fo"Debug\\" /Fd"Debug\vc120.pdb" /Gd /TP /analyze- /errorReport:prompt ..\src\TCPClientManager.cpp
         TCPClientManager.cpp
     1>c:\iwork\mygitprojects\camerasensor\tcpclient\src\tcpclientmanager.cpp(62): warning C4018: '<=' : signed/unsigned mismatch
     1>c:\program files (x86)\microsoft visual studio 12.0\vc\include\xutility(2132): warning C4996: 'std::_Copy_impl': Function call with parameters that may be unsafe - this call relies on the caller to check that the passed values are correct. To disable this warning, use -D_SCL_SECURE_NO_WARNINGS. See documentation on how to use Visual C++ 'Checked Iterators'
                 c:\program files (x86)\microsoft visual studio 12.0\vc\include\xutility(2113) : see declaration of 'std::_Copy_impl'
                 c:\iwork\mygitprojects\camerasensor\tcpclient\src\tcpclientmanager.cpp(64) : see reference to function template instantiation '_OutIt std::copy<std::_Vector_iterator<std::_Vector_val<std::_Simple_types<char>>>,char*>(_InIt,_InIt,_OutIt)' being compiled
                 with
                 [
                     _OutIt=char *
         ,            _InIt=std::_Vector_iterator<std::_Vector_val<std::_Simple_types<char>>>
                 ]
       Link:
         C:\Program Files (x86)\Microsoft Visual Studio 12.0\VC\bin\link.exe /ERRORREPORT:PROMPT /OUT:"C:\iWork\myGitProjects\CameraSensor\TCPClient\build\Debug\TCPClient.exe" /INCREMENTAL /NOLOGO kernel32.lib user32.lib gdi32.lib winspool.lib comdlg32.lib advapi32.lib shell32.lib ole32.lib oleaut32.lib uuid.lib odbc32.lib odbccp32.lib /MANIFEST /MANIFESTUAC:"level='asInvoker' uiAccess='false'" /manifest:embed /DEBUG /PDB:"C:\iWork\myGitProjects\CameraSensor\TCPClient\build\Debug\TCPClient.pdb" /SUBSYSTEM:CONSOLE /TLBID:1 /DYNAMICBASE /NXCOMPAT /IMPLIB:"C:\iWork\myGitProjects\CameraSensor\TCPClient\build\Debug\TCPClient.lib" /MACHINE:X86 Debug\CommandManager.obj
         Debug\TCPClientManager.obj
         Debug\TCPClient.obj
         TCPClient.vcxproj -> C:\iWork\myGitProjects\CameraSensor\TCPClient\build\Debug\TCPClient.exe
     1>Done Building Project "C:\iWork\myGitProjects\CameraSensor\TCPClient\build\TCPClient.vcxproj" (Build target(s)).

Build succeeded.

Time Elapsed 00:00:03.78
